app/build_output_prod/outputs/logs/manifest-merger-release-report.txt
-- Merging decision tree log ---
provider#androidx.core.content.FileProvider
INJECTED from src\main\AndroidManifest.xml:34:9-42:20
	android:grantUriPermissions
		ADDED from src\main\AndroidManifest.xml:38:13-47
	android:authorities
		INJECTED from src\main\AndroidManifest.xml
		ADDED from src\main\AndroidManifest.xml:36:13-64
	android:exported
		ADDED from src\main\AndroidManifest.xml:37:13-37
	android:name
		ADDED from src\main\AndroidManifest.xml:35:13-62
manifest
ADDED from src\main\AndroidManifest.xml:2:1-80:12
INJECTED from src\main\AndroidManifest.xml:2:1-80:12
INJECTED from src\main\AndroidManifest.xml:2:1-80:12
INJECTED from src\main\AndroidManifest.xml:2:1-80:12
MERGED from [androidx.constraintlayout:constraintlayout:2.2.0] AndroidManifest.xml:2:1-9:12
MERGED from [com.google.android.gms:play-services-ads:23.6.0] AndroidManifest.xml:17:1-25:12
MERGED from [com.google.android.play:app-update-ktx:2.1.0] AndroidManifest.xml:2:1-14:12
MERGED from [androidx.media3:media3-ui:1.5.0] AndroidManifest.xml:17:1-22:12
MERGED from [androidx.media3:media3-session:1.5.0] AndroidManifest.xml:17:1-22:12
MERGED from [androidx.media3:media3-extractor:1.5.0] AndroidManifest.xml:17:1-22:12
MERGED from [androidx.media3:media3-container:1.5.0] AndroidManifest.xml:17:1-22:12
MERGED from [androidx.media3:media3-datasource:1.5.0] AndroidManifest.xml:17:1-22:12
MERGED from [androidx.media3:media3-decoder:1.5.0] AndroidManifest.xml:17:1-22:12
MERGED from [androidx.media3:media3-database:1.5.0] AndroidManifest.xml:17:1-22:12
MERGED from [androidx.media3:media3-common:1.5.0] AndroidManifest.xml:17:1-24:12
MERGED from [androidx.media3:media3-exoplayer:1.5.0] AndroidManifest.xml:17:1-24:12
MERGED from [com.google.firebase:firebase-auth:23.1.0] AndroidManifest.xml:17:1-75:12
MERGED from [androidx.browser:browser:1.8.0] AndroidManifest.xml:2:1-7:12
MERGED from [androidx.webkit:webkit:1.11.0-alpha02] AndroidManifest.xml:2:1-7:12
MERGED from [com.google.android.gms:play-services-location:21.3.0] AndroidManifest.xml:2:1-8:12
MERGED from [com.google.firebase:firebase-functions:21.1.0] AndroidManifest.xml:2:1-24:12
MERGED from [com.google.firebase:firebase-firestore:25.1.1] AndroidManifest.xml:2:1-26:12
MERGED from [com.google.firebase:firebase-messaging:24.1.0] AndroidManifest.xml:17:1-66:12
MERGED from [com.google.android.recaptcha:recaptcha:18.5.1] AndroidManifest.xml:2:1-11:12
MERGED from [com.pierfrancescosoffritti.androidyoutubeplayer:core:13.0.0] AndroidManifest.xml:2:1-10:12
MERGED from [androidx.navigation:navigation-common:2.8.5] AndroidManifest.xml:17:1-22:12
MERGED from [androidx.navigation:navigation-runtime:2.8.5] AndroidManifest.xml:17:1-22:12
MERGED from [androidx.navigation:navigation-common-ktx:2.8.5] AndroidManifest.xml:2:1-7:12
MERGED from [androidx.navigation:navigation-runtime-ktx:2.8.5] AndroidManifest.xml:2:1-7:12
MERGED from [androidx.navigation:navigation-compose:2.8.5] AndroidManifest.xml:2:1-7:12
MERGED from [androidx.compose.material3:material3-android:1.3.1] AndroidManifest.xml:17:1-22:12
MERGED from [io.coil-kt.coil3:coil-compose-android:3.0.4] AndroidManifest.xml:2:1-7:12
MERGED from [io.coil-kt.coil3:coil-android:3.0.4] AndroidManifest.xml:2:1-7:12
MERGED from [io.coil-kt.coil3:coil-compose-core-android:3.0.4] AndroidManifest.xml:2:1-7:12
MERGED from [io.coil-kt.coil3:coil-network-core-android:3.0.4] AndroidManifest.xml:2:1-7:12
MERGED from [io.coil-kt.coil3:coil-core-android:3.0.4] AndroidManifest.xml:2:1-7:12
MERGED from [androidx.appcompat:appcompat-resources:1.7.0] AndroidManifest.xml:2:1-7:12
MERGED from [androidx.appcompat:appcompat:1.7.0] AndroidManifest.xml:2:1-7:12
MERGED from [com.google.firebase:firebase-appcheck-playintegrity:18.0.0] AndroidManifest.xml:15:1-31:12
MERGED from [com.google.firebase:firebase-storage:21.0.1] AndroidManifest.xml:15:1-39:12
MERGED from [com.google.android.gms:play-services-appset:16.0.1] AndroidManifest.xml:2:1-9:12
MERGED from [com.google.firebase:firebase-appcheck:18.0.0] AndroidManifest.xml:15:1-34:12
MERGED from [com.google.firebase:firebase-appcheck-interop:17.1.0] AndroidManifest.xml:15:1-23:12
MERGED from [androidx.credentials:credentials:1.2.0-rc01] AndroidManifest.xml:2:1-7:12
MERGED from [androidx.credentials:credentials-play-services-auth:1.2.0-rc01] AndroidManifest.xml:17:1-44:12
MERGED from [com.google.android.gms:play-services-auth:20.7.0] AndroidManifest.xml:17:1-40:12
MERGED from [com.google.android.gms:play-services-auth-api-phone:18.0.2] AndroidManifest.xml:2:1-7:12
MERGED from [com.google.firebase:firebase-database-collection:18.0.1] AndroidManifest.xml:2:1-9:12
MERGED from [com.google.firebase:firebase-analytics:22.1.2] AndroidManifest.xml:2:1-9:12
MERGED from [com.google.android.gms:play-services-measurement:22.1.2] AndroidManifest.xml:17:1-46:12
MERGED from [com.google.android.gms:play-services-measurement-sdk:22.1.2] AndroidManifest.xml:17:1-25:12
MERGED from [com.google.android.gms:play-services-measurement-impl:22.1.2] AndroidManifest.xml:17:1-32:12
MERGED from [com.google.android.gms:play-services-fido:20.1.0] AndroidManifest.xml:2:1-10:12
MERGED from [com.google.android.gms:play-services-auth-base:18.0.4] AndroidManifest.xml:2:1-7:12
MERGED from [com.google.android.gms:play-services-base:18.5.0] AndroidManifest.xml:2:1-7:12
MERGED from [androidx.fragment:fragment:1.5.4] AndroidManifest.xml:17:1-24:12
MERGED from [androidx.activity:activity:1.9.3] AndroidManifest.xml:17:1-22:12
MERGED from [androidx.activity:activity-compose:1.9.3] AndroidManifest.xml:2:1-7:12
MERGED from [androidx.compose.material:material-ripple-android:1.7.6] AndroidManifest.xml:2:1-7:12
MERGED from [androidx.compose.foundation:foundation-android:1.7.6] AndroidManifest.xml:2:1-7:12
MERGED from [androidx.compose.foundation:foundation-layout-android:1.7.6] AndroidManifest.xml:2:1-7:12
MERGED from [androidx.compose.animation:animation-core-android:1.7.6] AndroidManifest.xml:2:1-7:12
MERGED from [androidx.compose.animation:animation-android:1.7.6] AndroidManifest.xml:2:1-7:12
MERGED from [androidx.compose.material:material-icons-extended-android:1.7.6] AndroidManifest.xml:2:1-7:12
MERGED from [androidx.compose.material:material-icons-core-android:1.7.6] AndroidManifest.xml:2:1-7:12
MERGED from [com.google.accompanist:accompanist-drawablepainter:0.36.0] AndroidManifest.xml:17:1-23:12
MERGED from [com.google.android.gms:play-services-ads-lite:23.6.0] AndroidManifest.xml:17:1-112:12
MERGED from [androidx.work:work-runtime:2.7.0] AndroidManifest.xml:17:1-145:12
MERGED from [com.google.firebase:firebase-iid:21.1.0] AndroidManifest.xml:17:1-38:12
MERGED from [com.google.android.gms:play-services-stats:17.0.2] AndroidManifest.xml:2:1-9:12
MERGED from [androidx.legacy:legacy-support-core-utils:1.0.0] AndroidManifest.xml:17:1-22:12
MERGED from [androidx.loader:loader:1.0.0] AndroidManifest.xml:17:1-22:12
MERGED from [androidx.compose.runtime:runtime-annotation-android:1.9.0] AndroidManifest.xml:2:1-7:12
MERGED from [androidx.compose.ui:ui-tooling-preview-android:1.9.0] AndroidManifest.xml:17:1-22:12
MERGED from [androidx.compose.ui:ui-util-android:1.9.0] AndroidManifest.xml:2:1-7:12
MERGED from [androidx.compose.ui:ui-unit-android:1.9.0] AndroidManifest.xml:2:1-7:12
MERGED from [androidx.compose.ui:ui-text-android:1.9.0] AndroidManifest.xml:2:1-7:12
MERGED from [androidx.compose.ui:ui-graphics-android:1.9.0] AndroidManifest.xml:2:1-7:12
MERGED from [androidx.compose.ui:ui-geometry-android:1.9.0] AndroidManifest.xml:2:1-7:12
MERGED from [androidx.savedstate:savedstate-ktx:1.3.1] AndroidManifest.xml:2:1-7:12
MERGED from [androidx.savedstate:savedstate-android:1.3.1] AndroidManifest.xml:17:1-22:12
MERGED from [androidx.savedstate:savedstate-compose-android:1.3.1] AndroidManifest.xml:2:1-7:12
MERGED from [androidx.compose.runtime:runtime-android:1.9.0] AndroidManifest.xml:2:1-7:12
MERGED from [androidx.compose.runtime:runtime-saveable-android:1.9.0] AndroidManifest.xml:2:1-7:12
MERGED from [androidx.emoji2:emoji2-views-helper:1.4.0] AndroidManifest.xml:2:1-7:12
MERGED from [androidx.emoji2:emoji2:1.4.0] AndroidManifest.xml:17:1-35:12
MERGED from [androidx.lifecycle:lifecycle-process:2.9.4] AndroidManifest.xml:17:1-35:12
MERGED from [androidx.lifecycle:lifecycle-runtime-compose-android:2.9.4] AndroidManifest.xml:2:1-7:12
MERGED from [androidx.lifecycle:lifecycle-viewmodel-savedstate-android:2.9.4] AndroidManifest.xml:17:1-22:12
MERGED from [androidx.lifecycle:lifecycle-viewmodel:2.9.4] AndroidManifest.xml:2:1-5:12
MERGED from [androidx.lifecycle:lifecycle-viewmodel-android:2.9.4] AndroidManifest.xml:17:1-22:12
MERGED from [androidx.lifecycle:lifecycle-livedata-core-ktx:2.9.4] AndroidManifest.xml:2:1-7:12
MERGED from [androidx.lifecycle:lifecycle-runtime-android:2.9.4] AndroidManifest.xml:17:1-22:12
MERGED from [androidx.lifecycle:lifecycle-viewmodel-ktx:2.9.4] AndroidManifest.xml:2:1-7:12
MERGED from [androidx.lifecycle:lifecycle-service:2.9.4] AndroidManifest.xml:2:1-7:12
MERGED from [androidx.lifecycle:lifecycle-livedata-core:2.9.4] AndroidManifest.xml:17:1-22:12
MERGED from [androidx.lifecycle:lifecycle-livedata:2.9.4] AndroidManifest.xml:17:1-22:12
MERGED from [androidx.lifecycle:lifecycle-viewmodel-compose-android:2.9.4] AndroidManifest.xml:2:1-7:12
MERGED from [androidx.compose.ui:ui-android:1.9.0] AndroidManifest.xml:2:1-7:12
MERGED from [androidx.activity:activity-ktx:1.9.3] AndroidManifest.xml:2:1-7:12
MERGED from [androidx.lifecycle:lifecycle-runtime-ktx-android:2.9.4] AndroidManifest.xml:2:1-7:12
MERGED from [androidx.privacysandbox.ads:ads-adservices-java:1.0.0-beta05] AndroidManifest.xml:2:1-7:12
MERGED from [androidx.privacysandbox.ads:ads-adservices:1.0.0-beta05] AndroidManifest.xml:17:1-28:12
MERGED from [com.google.android.gms:play-services-measurement-api:22.1.2] AndroidManifest.xml:17:1-43:12
MERGED from [com.google.firebase:firebase-installations:18.0.0] AndroidManifest.xml:2:1-24:12
MERGED from [com.google.firebase:firebase-common-ktx:21.0.0] AndroidManifest.xml:2:1-18:12
MERGED from [com.google.firebase:firebase-auth-interop:20.0.0] AndroidManifest.xml:2:1-10:12
MERGED from [com.google.firebase:firebase-common:21.0.0] AndroidManifest.xml:15:1-41:12
MERGED from [com.google.android.play:app-update:2.1.0] AndroidManifest.xml:2:1-14:12
MERGED from [com.google.firebase:firebase-iid-interop:17.1.0] AndroidManifest.xml:2:1-10:12
MERGED from [com.google.android.play:integrity:1.3.0] AndroidManifest.xml:2:1-7:12
MERGED from [com.google.android.gms:play-services-cloud-messaging:17.2.0] AndroidManifest.xml:2:1-13:12
MERGED from [com.google.firebase:firebase-installations-interop:17.1.1] AndroidManifest.xml:15:1-19:12
MERGED from [com.google.android.gms:play-services-tasks:18.2.0] AndroidManifest.xml:2:1-5:12
MERGED from [com.google.android.gms:play-services-ads-base:23.6.0] AndroidManifest.xml:2:1-9:12
MERGED from [com.google.android.gms:play-services-ads-identifier:18.0.0] AndroidManifest.xml:17:1-27:12
MERGED from [com.google.firebase:firebase-measurement-connector:19.0.0] AndroidManifest.xml:17:1-25:12
MERGED from [com.google.android.ump:user-messaging-platform:3.0.0] AndroidManifest.xml:2:1-7:12
MERGED from [com.google.android.gms:play-services-measurement-sdk-api:22.1.2] AndroidManifest.xml:17:1-30:12
MERGED from [com.google.android.gms:play-services-measurement-base:22.1.2] AndroidManifest.xml:2:1-9:12
MERGED from [com.google.android.gms:play-services-basement:18.4.0] AndroidManifest.xml:2:1-9:12
MERGED from [androidx.media:media:1.7.0] AndroidManifest.xml:2:1-7:12
MERGED from [androidx.recyclerview:recyclerview:1.3.0] AndroidManifest.xml:17:1-22:12
MERGED from [androidx.drawerlayout:drawerlayout:1.0.0] AndroidManifest.xml:17:1-22:12
MERGED from [androidx.viewpager:viewpager:1.0.0] AndroidManifest.xml:17:1-22:12
MERGED from [androidx.customview:customview:1.0.0] AndroidManifest.xml:17:1-22:12
MERGED from [androidx.vectordrawable:vectordrawable-animated:1.1.0] AndroidManifest.xml:17:1-24:12
MERGED from [androidx.vectordrawable:vectordrawable:1.1.0] AndroidManifest.xml:17:1-24:12
MERGED from [androidx.autofill:autofill:1.0.0] AndroidManifest.xml:17:1-24:12
MERGED from [androidx.graphics:graphics-path:1.0.1] AndroidManifest.xml:2:1-7:12
MERGED from [androidx.core:core:1.15.0] AndroidManifest.xml:17:1-30:12
MERGED from [androidx.customview:customview-poolingcontainer:1.0.0] AndroidManifest.xml:17:1-23:12
MERGED from [androidx.core:core-ktx:1.15.0] AndroidManifest.xml:2:1-7:12
MERGED from [androidx.core:core-splashscreen:1.0.1] AndroidManifest.xml:17:1-24:12
MERGED from [androidx.annotation:annotation-experimental:1.4.1] AndroidManifest.xml:2:1-7:12
MERGED from [com.google.android.libraries.identity.googleid:googleid:1.1.0] AndroidManifest.xml:2:1-7:12
MERGED from [com.google.firebase:firebase-components:18.0.0] AndroidManifest.xml:15:1-20:12
MERGED from [androidx.localbroadcastmanager:localbroadcastmanager:1.0.0] AndroidManifest.xml:17:1-22:12
MERGED from [com.google.firebase:firebase-datatransport:18.2.0] AndroidManifest.xml:15:1-31:12
MERGED from [com.google.android.datatransport:transport-backend-cct:3.1.9] AndroidManifest.xml:15:1-37:12
MERGED from [com.google.firebase:firebase-encoders-json:18.0.0] AndroidManifest.xml:15:1-23:12
MERGED from [com.google.android.datatransport:transport-runtime:3.1.9] AndroidManifest.xml:15:1-41:12
MERGED from [com.google.android.datatransport:transport-api:3.1.0] AndroidManifest.xml:15:1-20:12
MERGED from [androidx.interpolator:interpolator:1.0.0] AndroidManifest.xml:17:1-22:12
MERGED from [androidx.profileinstaller:profileinstaller:1.4.1] AndroidManifest.xml:17:1-55:12
MERGED from [androidx.startup:startup-runtime:1.1.1] AndroidManifest.xml:17:1-33:12
MERGED from [androidx.tracing:tracing:1.2.0] AndroidManifest.xml:17:1-22:12
MERGED from [androidx.versionedparcelable:versionedparcelable:1.1.1] AndroidManifest.xml:17:1-27:12
MERGED from [androidx.room:room-runtime:2.2.5] AndroidManifest.xml:17:1-31:12
MERGED from [androidx.sqlite:sqlite-framework:2.1.0] AndroidManifest.xml:17:1-24:12
MERGED from [androidx.sqlite:sqlite:2.1.0] AndroidManifest.xml:17:1-24:12
MERGED from [androidx.documentfile:documentfile:1.0.0] AndroidManifest.xml:17:1-22:12
MERGED from [androidx.print:print:1.0.0] AndroidManifest.xml:17:1-22:12
MERGED from [androidx.exifinterface:exifinterface:1.3.7] AndroidManifest.xml:17:1-24:12
MERGED from [androidx.arch.core:core-runtime:2.2.0] AndroidManifest.xml:17:1-22:12
MERGED from [androidx.cursoradapter:cursoradapter:1.0.0] AndroidManifest.xml:17:1-22:12
MERGED from [androidx.core:core-viewtree:1.0.0] AndroidManifest.xml:2:1-7:12
MERGED from [io.grpc:grpc-android:1.62.2] AndroidManifest.xml:2:1-9:12
MERGED from [com.google.android.play:core-common:2.0.3] AndroidManifest.xml:2:1-21:12
MERGED from [com.google.firebase:protolite-well-known-types:18.0.0] AndroidManifest.xml:2:1-11:12
	package
		INJECTED from src\main\AndroidManifest.xml
	android:versionName
		INJECTED from src\main\AndroidManifest.xml
	xmlns:tools
		ADDED from src\main\AndroidManifest.xml:3:5-51
	android:versionCode
		INJECTED from src\main\AndroidManifest.xml
	xmlns:android
		ADDED from src\main\AndroidManifest.xml:2:11-69
uses-permission#android.permission.INTERNET
ADDED from src\main\AndroidManifest.xml:5:5-67
MERGED from [com.google.firebase:firebase-auth:23.1.0] AndroidManifest.xml:25:5-67
MERGED from [com.google.firebase:firebase-auth:23.1.0] AndroidManifest.xml:25:5-67
MERGED from [com.google.firebase:firebase-functions:21.1.0] AndroidManifest.xml:9:5-67
MERGED from [com.google.firebase:firebase-functions:21.1.0] AndroidManifest.xml:9:5-67
MERGED from [com.google.firebase:firebase-firestore:25.1.1] AndroidManifest.xml:11:5-67
MERGED from [com.google.firebase:firebase-firestore:25.1.1] AndroidManifest.xml:11:5-67
MERGED from [com.google.android.recaptcha:recaptcha:18.5.1] AndroidManifest.xml:7:5-67
MERGED from [com.google.android.recaptcha:recaptcha:18.5.1] AndroidManifest.xml:7:5-67
MERGED from [com.pierfrancescosoffritti.androidyoutubeplayer:core:13.0.0] AndroidManifest.xml:7:5-67
MERGED from [com.pierfrancescosoffritti.androidyoutubeplayer:core:13.0.0] AndroidManifest.xml:7:5-67
MERGED from [com.google.firebase:firebase-storage:21.0.1] AndroidManifest.xml:24:5-67
MERGED from [com.google.firebase:firebase-storage:21.0.1] AndroidManifest.xml:24:5-67
MERGED from [com.google.android.gms:play-services-measurement:22.1.2] AndroidManifest.xml:23:5-67
MERGED from [com.google.android.gms:play-services-measurement:22.1.2] AndroidManifest.xml:23:5-67
MERGED from [com.google.android.gms:play-services-measurement-impl:22.1.2] AndroidManifest.xml:23:5-67
MERGED from [com.google.android.gms:play-services-measurement-impl:22.1.2] AndroidManifest.xml:23:5-67
MERGED from [com.google.android.gms:play-services-ads-lite:23.6.0] AndroidManifest.xml:24:5-67
MERGED from [com.google.android.gms:play-services-ads-lite:23.6.0] AndroidManifest.xml:24:5-67
MERGED from [com.google.firebase:firebase-iid:21.1.0] AndroidManifest.xml:23:5-67
MERGED from [com.google.firebase:firebase-iid:21.1.0] AndroidManifest.xml:23:5-67
MERGED from [com.google.android.gms:play-services-measurement-api:22.1.2] AndroidManifest.xml:22:5-67
MERGED from [com.google.android.gms:play-services-measurement-api:22.1.2] AndroidManifest.xml:22:5-67
MERGED from [com.google.firebase:firebase-installations:18.0.0] AndroidManifest.xml:8:5-67
MERGED from [com.google.firebase:firebase-installations:18.0.0] AndroidManifest.xml:8:5-67
MERGED from [com.google.android.gms:play-services-cloud-messaging:17.2.0] AndroidManifest.xml:8:5-67
MERGED from [com.google.android.gms:play-services-cloud-messaging:17.2.0] AndroidManifest.xml:8:5-67
MERGED from [com.google.android.gms:play-services-measurement-sdk-api:22.1.2] AndroidManifest.xml:23:5-67
MERGED from [com.google.android.gms:play-services-measurement-sdk-api:22.1.2] AndroidManifest.xml:23:5-67
MERGED from [com.google.android.datatransport:transport-backend-cct:3.1.9] AndroidManifest.xml:25:5-67
MERGED from [com.google.android.datatransport:transport-backend-cct:3.1.9] AndroidManifest.xml:25:5-67
	android:name
		ADDED from src\main\AndroidManifest.xml:5:22-64
uses-permission#android.permission.ACCESS_NETWORK_STATE
ADDED from src\main\AndroidManifest.xml:6:5-79
MERGED from [androidx.media3:media3-common:1.5.0] AndroidManifest.xml:22:5-79
MERGED from [androidx.media3:media3-common:1.5.0] AndroidManifest.xml:22:5-79
MERGED from [androidx.media3:media3-exoplayer:1.5.0] AndroidManifest.xml:22:5-79
MERGED from [androidx.media3:media3-exoplayer:1.5.0] AndroidManifest.xml:22:5-79
MERGED from [com.google.firebase:firebase-auth:23.1.0] AndroidManifest.xml:26:5-79
MERGED from [com.google.firebase:firebase-auth:23.1.0] AndroidManifest.xml:26:5-79
MERGED from [com.google.firebase:firebase-firestore:25.1.1] AndroidManifest.xml:10:5-79
MERGED from [com.google.firebase:firebase-firestore:25.1.1] AndroidManifest.xml:10:5-79
MERGED from [com.google.firebase:firebase-messaging:24.1.0] AndroidManifest.xml:22:5-79
MERGED from [com.google.firebase:firebase-messaging:24.1.0] AndroidManifest.xml:22:5-79
MERGED from [com.google.android.recaptcha:recaptcha:18.5.1] AndroidManifest.xml:8:5-79
MERGED from [com.google.android.recaptcha:recaptcha:18.5.1] AndroidManifest.xml:8:5-79
MERGED from [com.pierfrancescosoffritti.androidyoutubeplayer:core:13.0.0] AndroidManifest.xml:8:5-79
MERGED from [com.pierfrancescosoffritti.androidyoutubeplayer:core:13.0.0] AndroidManifest.xml:8:5-79
MERGED from [com.google.firebase:firebase-storage:21.0.1] AndroidManifest.xml:23:5-79
MERGED from [com.google.firebase:firebase-storage:21.0.1] AndroidManifest.xml:23:5-79
MERGED from [com.google.android.gms:play-services-measurement:22.1.2] AndroidManifest.xml:24:5-79
MERGED from [com.google.android.gms:play-services-measurement:22.1.2] AndroidManifest.xml:24:5-79
MERGED from [com.google.android.gms:play-services-measurement-impl:22.1.2] AndroidManifest.xml:24:5-79
MERGED from [com.google.android.gms:play-services-measurement-impl:22.1.2] AndroidManifest.xml:24:5-79
MERGED from [com.google.android.gms:play-services-ads-lite:23.6.0] AndroidManifest.xml:25:5-79
MERGED from [com.google.android.gms:play-services-ads-lite:23.6.0] AndroidManifest.xml:25:5-79
MERGED from [androidx.work:work-runtime:2.7.0] AndroidManifest.xml:26:5-79
MERGED from [androidx.work:work-runtime:2.7.0] AndroidManifest.xml:26:5-79
MERGED from [com.google.firebase:firebase-iid:21.1.0] AndroidManifest.xml:22:5-79
MERGED from [com.google.firebase:firebase-iid:21.1.0] AndroidManifest.xml:22:5-79
MERGED from [com.google.android.gms:play-services-measurement-api:22.1.2] AndroidManifest.xml:23:5-79
MERGED from [com.google.android.gms:play-services-measurement-api:22.1.2] AndroidManifest.xml:23:5-79
MERGED from [com.google.firebase:firebase-installations:18.0.0] AndroidManifest.xml:7:5-79
MERGED from [com.google.firebase:firebase-installations:18.0.0] AndroidManifest.xml:7:5-79
MERGED from [com.google.android.gms:play-services-cloud-messaging:17.2.0] AndroidManifest.xml:7:5-79
MERGED from [com.google.android.gms:play-services-cloud-messaging:17.2.0] AndroidManifest.xml:7:5-79
MERGED from [com.google.android.gms:play-services-measurement-sdk-api:22.1.2] AndroidManifest.xml:24:5-79
MERGED from [com.google.android.gms:play-services-measurement-sdk-api:22.1.2] AndroidManifest.xml:24:5-79
MERGED from [com.google.android.datatransport:transport-backend-cct:3.1.9] AndroidManifest.xml:24:5-79
MERGED from [com.google.android.datatransport:transport-backend-cct:3.1.9] AndroidManifest.xml:24:5-79
MERGED from [com.google.android.datatransport:transport-runtime:3.1.9] AndroidManifest.xml:22:5-79
MERGED from [com.google.android.datatransport:transport-runtime:3.1.9] AndroidManifest.xml:22:5-79
MERGED from [io.grpc:grpc-android:1.62.2] AndroidManifest.xml:7:5-79
MERGED from [io.grpc:grpc-android:1.62.2] AndroidManifest.xml:7:5-79
	android:name
		ADDED from src\main\AndroidManifest.xml:6:22-76
uses-permission#android.permission.WAKE_LOCK
ADDED from src\main\AndroidManifest.xml:7:5-68
MERGED from [com.google.firebase:firebase-messaging:24.1.0] AndroidManifest.xml:24:5-68
MERGED from [com.google.firebase:firebase-messaging:24.1.0] AndroidManifest.xml:24:5-68
MERGED from [com.google.android.gms:play-services-measurement:22.1.2] AndroidManifest.xml:25:5-68
MERGED from [com.google.android.gms:play-services-measurement:22.1.2] AndroidManifest.xml:25:5-68
MERGED from [com.google.android.gms:play-services-measurement-impl:22.1.2] AndroidManifest.xml:25:5-68
MERGED from [com.google.android.gms:play-services-measurement-impl:22.1.2] AndroidManifest.xml:25:5-68
MERGED from [androidx.work:work-runtime:2.7.0] AndroidManifest.xml:25:5-68
MERGED from [androidx.work:work-runtime:2.7.0] AndroidManifest.xml:25:5-68
MERGED from [com.google.firebase:firebase-iid:21.1.0] AndroidManifest.xml:24:5-68
MERGED from [com.google.firebase:firebase-iid:21.1.0] AndroidManifest.xml:24:5-68
MERGED from [com.google.android.gms:play-services-measurement-api:22.1.2] AndroidManifest.xml:24:5-68
MERGED from [com.google.android.gms:play-services-measurement-api:22.1.2] AndroidManifest.xml:24:5-68
MERGED from [com.google.android.gms:play-services-cloud-messaging:17.2.0] AndroidManifest.xml:9:5-68
MERGED from [com.google.android.gms:play-services-cloud-messaging:17.2.0] AndroidManifest.xml:9:5-68
MERGED from [com.google.android.gms:play-services-measurement-sdk-api:22.1.2] AndroidManifest.xml:25:5-68
MERGED from [com.google.android.gms:play-services-measurement-sdk-api:22.1.2] AndroidManifest.xml:25:5-68
	android:name
		ADDED from src\main\AndroidManifest.xml:7:22-65
uses-permission#android.permission.READ_EXTERNAL_STORAGE
ADDED from src\main\AndroidManifest.xml:8:5-80
	android:name
		ADDED from src\main\AndroidManifest.xml:8:22-77
uses-permission#android.permission.WRITE_EXTERNAL_STORAGE
ADDED from src\main\AndroidManifest.xml:9:5-10:38
	android:maxSdkVersion
		ADDED from src\main\AndroidManifest.xml:10:9-35
	android:name
		ADDED from src\main\AndroidManifest.xml:9:22-78
uses-permission#android.permission.CAMERA
ADDED from src\main\AndroidManifest.xml:11:5-65
	android:name
		ADDED from src\main\AndroidManifest.xml:11:22-62
uses-permission#android.permission.POST_NOTIFICATIONS
ADDED from src\main\AndroidManifest.xml:12:5-77
MERGED from [com.google.firebase:firebase-messaging:24.1.0] AndroidManifest.xml:23:5-77
MERGED from [com.google.firebase:firebase-messaging:24.1.0] AndroidManifest.xml:23:5-77
	android:name
		ADDED from src\main\AndroidManifest.xml:12:22-74
uses-permission#android.permission.ACCESS_FINE_LOCATION
ADDED from src\main\AndroidManifest.xml:13:5-79
	android:name
		ADDED from src\main\AndroidManifest.xml:13:22-76
uses-feature#android.hardware.camera
ADDED from src\main\AndroidManifest.xml:15:5-85
	android:required
		ADDED from src\main\AndroidManifest.xml:15:58-82
	android:name
		ADDED from src\main\AndroidManifest.xml:15:19-57
uses-feature#android.hardware.touchscreen
ADDED from src\main\AndroidManifest.xml:16:5-90
	android:required
		ADDED from src\main\AndroidManifest.xml:16:63-87
	android:name
		ADDED from src\main\AndroidManifest.xml:16:19-62
application
ADDED from src\main\AndroidManifest.xml:18:5-78:19
INJECTED from src\main\AndroidManifest.xml:18:5-78:19
MERGED from [androidx.constraintlayout:constraintlayout:2.2.0] AndroidManifest.xml:7:5-20
MERGED from [androidx.constraintlayout:constraintlayout:2.2.0] AndroidManifest.xml:7:5-20
MERGED from [com.google.android.play:app-update-ktx:2.1.0] AndroidManifest.xml:11:5-12:19
MERGED from [com.google.android.play:app-update-ktx:2.1.0] AndroidManifest.xml:11:5-12:19
MERGED from [com.google.firebase:firebase-auth:23.1.0] AndroidManifest.xml:28:5-73:19
MERGED from [com.google.firebase:firebase-auth:23.1.0] AndroidManifest.xml:28:5-73:19
MERGED from [com.google.android.gms:play-services-location:21.3.0] AndroidManifest.xml:6:5-20
MERGED from [com.google.android.gms:play-services-location:21.3.0] AndroidManifest.xml:6:5-20
MERGED from [com.google.firebase:firebase-functions:21.1.0] AndroidManifest.xml:11:5-22:19
MERGED from [com.google.firebase:firebase-functions:21.1.0] AndroidManifest.xml:11:5-22:19
MERGED from [com.google.firebase:firebase-firestore:25.1.1] AndroidManifest.xml:13:5-24:19
MERGED from [com.google.firebase:firebase-firestore:25.1.1] AndroidManifest.xml:13:5-24:19
MERGED from [com.google.firebase:firebase-messaging:24.1.0] AndroidManifest.xml:28:5-64:19
MERGED from [com.google.firebase:firebase-messaging:24.1.0] AndroidManifest.xml:28:5-64:19
MERGED from [com.google.firebase:firebase-appcheck-playintegrity:18.0.0] AndroidManifest.xml:21:5-29:19
MERGED from [com.google.firebase:firebase-appcheck-playintegrity:18.0.0] AndroidManifest.xml:21:5-29:19
MERGED from [com.google.firebase:firebase-storage:21.0.1] AndroidManifest.xml:26:5-37:19
MERGED from [com.google.firebase:firebase-storage:21.0.1] AndroidManifest.xml:26:5-37:19
MERGED from [com.google.android.gms:play-services-appset:16.0.1] AndroidManifest.xml:7:5-20
MERGED from [com.google.android.gms:play-services-appset:16.0.1] AndroidManifest.xml:7:5-20
MERGED from [com.google.firebase:firebase-appcheck:18.0.0] AndroidManifest.xml:21:5-32:19
MERGED from [com.google.firebase:firebase-appcheck:18.0.0] AndroidManifest.xml:21:5-32:19
MERGED from [com.google.firebase:firebase-appcheck-interop:17.1.0] AndroidManifest.xml:21:5-20
MERGED from [com.google.firebase:firebase-appcheck-interop:17.1.0] AndroidManifest.xml:21:5-20
MERGED from [androidx.credentials:credentials-play-services-auth:1.2.0-rc01] AndroidManifest.xml:23:5-42:19
MERGED from [androidx.credentials:credentials-play-services-auth:1.2.0-rc01] AndroidManifest.xml:23:5-42:19
MERGED from [com.google.android.gms:play-services-auth:20.7.0] AndroidManifest.xml:22:5-38:19
MERGED from [com.google.android.gms:play-services-auth:20.7.0] AndroidManifest.xml:22:5-38:19
MERGED from [com.google.firebase:firebase-analytics:22.1.2] AndroidManifest.xml:7:5-20
MERGED from [com.google.firebase:firebase-analytics:22.1.2] AndroidManifest.xml:7:5-20
MERGED from [com.google.android.gms:play-services-measurement:22.1.2] AndroidManifest.xml:28:5-44:19
MERGED from [com.google.android.gms:play-services-measurement:22.1.2] AndroidManifest.xml:28:5-44:19
MERGED from [com.google.android.gms:play-services-measurement-sdk:22.1.2] AndroidManifest.xml:22:5-23:19
MERGED from [com.google.android.gms:play-services-measurement-sdk:22.1.2] AndroidManifest.xml:22:5-23:19
MERGED from [com.google.android.gms:play-services-measurement-impl:22.1.2] AndroidManifest.xml:29:5-30:19
MERGED from [com.google.android.gms:play-services-measurement-impl:22.1.2] AndroidManifest.xml:29:5-30:19
MERGED from [com.google.android.gms:play-services-fido:20.1.0] AndroidManifest.xml:7:5-8:19
MERGED from [com.google.android.gms:play-services-fido:20.1.0] AndroidManifest.xml:7:5-8:19
MERGED from [com.google.android.gms:play-services-base:18.5.0] AndroidManifest.xml:4:5-6:19
MERGED from [com.google.android.gms:play-services-base:18.5.0] AndroidManifest.xml:4:5-6:19
MERGED from [com.google.android.gms:play-services-ads-lite:23.6.0] AndroidManifest.xml:70:5-110:19
MERGED from [com.google.android.gms:play-services-ads-lite:23.6.0] AndroidManifest.xml:70:5-110:19
MERGED from [androidx.work:work-runtime:2.7.0] AndroidManifest.xml:30:5-143:19
MERGED from [androidx.work:work-runtime:2.7.0] AndroidManifest.xml:30:5-143:19
MERGED from [com.google.firebase:firebase-iid:21.1.0] AndroidManifest.xml:28:5-36:19
MERGED from [com.google.firebase:firebase-iid:21.1.0] AndroidManifest.xml:28:5-36:19
MERGED from [com.google.android.gms:play-services-stats:17.0.2] AndroidManifest.xml:7:5-20
MERGED from [com.google.android.gms:play-services-stats:17.0.2] AndroidManifest.xml:7:5-20
MERGED from [androidx.emoji2:emoji2:1.4.0] AndroidManifest.xml:23:5-33:19
MERGED from [androidx.emoji2:emoji2:1.4.0] AndroidManifest.xml:23:5-33:19
MERGED from [androidx.lifecycle:lifecycle-process:2.9.4] AndroidManifest.xml:23:5-33:19